app/build/outputs/logs/manifest-merger-debug-report.txt
-- Merging decision tree log ---
manifest
ADDED from src\main\AndroidManifest.xml:2:1-90:12
	package
		ADDED from src\main\AndroidManifest.xml:3:5-40
		INJECTED from src\main\AndroidManifest.xml
		INJECTED from src\main\AndroidManifest.xml
	android:versionName
		ADDED from src\main\AndroidManifest.xml:5:5-30
		INJECTED from src\main\AndroidManifest.xml
		INJECTED from src\main\AndroidManifest.xml
	android:versionCode
		ADDED from src\main\AndroidManifest.xml:4:5-28
		INJECTED from src\main\AndroidManifest.xml
		INJECTED from src\main\AndroidManifest.xml
	xmlns:android
		ADDED from src\main\AndroidManifest.xml:2:11-69
uses-sdk
ADDED from src\main\AndroidManifest.xml:7:5-9:41
	android:targetSdkVersion
		ADDED from src\main\AndroidManifest.xml:9:9-38
		INJECTED from src\main\AndroidManifest.xml
		INJECTED from src\main\AndroidManifest.xml
	android:minSdkVersion
		ADDED from src\main\AndroidManifest.xml:8:9-35
		INJECTED from src\main\AndroidManifest.xml
		INJECTED from src\main\AndroidManifest.xml
uses-permission#android.permission.INTERNET
ADDED from src\main\AndroidManifest.xml:10:5-66
	android:name
		ADDED from src\main\AndroidManifest.xml:10:22-64
uses-permission#android.permission.WRITE_EXTERNAL_STORAGE
ADDED from src\main\AndroidManifest.xml:11:5-80
	android:name
		ADDED from src\main\AndroidManifest.xml:11:22-78
uses-permission#android.permission.READ_EXTERNAL_STORAGE
ADDED from src\main\AndroidManifest.xml:12:5-80
	android:name
		ADDED from src\main\AndroidManifest.xml:12:22-77
uses-permission#android.permission.ACCESS_FINE_LOCATION
ADDED from src\main\AndroidManifest.xml:13:5-79
	android:name
		ADDED from src\main\AndroidManifest.xml:13:22-76
uses-permission#android.permission.SEND_SMS
ADDED from src\main\AndroidManifest.xml:14:5-67
	android:name
		ADDED from src\main\AndroidManifest.xml:14:22-64
uses-permission#android.permission.RECEIVE_SMS
ADDED from src\main\AndroidManifest.xml:15:5-70
	android:name
		ADDED from src\main\AndroidManifest.xml:15:22-67
uses-permission#android.permission.READ_SMS
ADDED from src\main\AndroidManifest.xml:16:5-67
	android:name
		ADDED from src\main\AndroidManifest.xml:16:22-64
uses-permission#android.permission.WRITE_SMS
ADDED from src\main\AndroidManifest.xml:17:5-68
	android:name
		ADDED from src\main\AndroidManifest.xml:17:22-65
uses-permission#android.permission.RECEIVE_MMS
ADDED from src\main\AndroidManifest.xml:18:5-70
	android:name
		ADDED from src\main\AndroidManifest.xml:18:22-67
application
ADDED from src\main\AndroidManifest.xml:21:5-86:19
	android:label
		ADDED from src\main\AndroidManifest.xml:24:9-41
	android:allowBackup
		ADDED from src\main\AndroidManifest.xml:22:9-35
	android:icon
		ADDED from src\main\AndroidManifest.xml:23:9-45
	android:theme
		ADDED from src\main\AndroidManifest.xml:25:9-40
receiver#com.poi.broadcastreceiver.ReceptorSMS
ADDED from src\main\AndroidManifest.xml:32:9-38:20
	android:permission
		ADDED from src\main\AndroidManifest.xml:33:13-66
	android:name
		ADDED from src\main\AndroidManifest.xml:32:19-46
intent-filter#android.intent.action.BOOT_COMPLETED+android.provider.Telephony.SMS_DELIVER
ADDED from src\main\AndroidManifest.xml:34:13-37:29
action#android.provider.Telephony.SMS_DELIVER
ADDED from src\main\AndroidManifest.xml:35:17-81
	android:name
		ADDED from src\main\AndroidManifest.xml:35:25-78
action#android.intent.action.BOOT_COMPLETED
ADDED from src\main\AndroidManifest.xml:36:17-79
	android:name
		ADDED from src\main\AndroidManifest.xml:36:25-76
receiver#com.poi.broadcastreceiver.MmsReceiver
ADDED from src\main\AndroidManifest.xml:41:9-47:20
	android:permission
		ADDED from src\main\AndroidManifest.xml:42:13-71
	android:name
		ADDED from src\main\AndroidManifest.xml:41:19-46
intent-filter#android.provider.Telephony.WAP_PUSH_DELIVER
ADDED from src\main\AndroidManifest.xml:43:13-46:29
action#android.provider.Telephony.WAP_PUSH_DELIVER
ADDED from src\main\AndroidManifest.xml:44:17-86
	android:name
		ADDED from src\main\AndroidManifest.xml:44:25-83
data
ADDED from src\main\AndroidManifest.xml:45:17-76
	android:mimeType
		ADDED from src\main\AndroidManifest.xml:45:23-73
activity#com.poi.broadcastreceiver.BroadcastReceiver
ADDED from src\main\AndroidManifest.xml:50:9-69:20
	android:label
		ADDED from src\main\AndroidManifest.xml:51:13-45
	android:name
		ADDED from src\main\AndroidManifest.xml:50:19-77
intent-filter#android.intent.action.MAIN+android.intent.category.LAUNCHER
ADDED from src\main\AndroidManifest.xml:53:13-56:29
action#android.intent.action.MAIN
ADDED from src\main\AndroidManifest.xml:54:17-69
	android:name
		ADDED from src\main\AndroidManifest.xml:54:25-66
category#android.intent.category.LAUNCHER
ADDED from src\main\AndroidManifest.xml:55:17-77
	android:name
		ADDED from src\main\AndroidManifest.xml:55:27-74
intent-filter#android.intent.action.SEND+android.intent.action.SENDTO+android.intent.category.BROWSABLE+android.intent.category.DEFAULT
ADDED from src\main\AndroidManifest.xml:57:13-68:29
action#android.intent.action.SEND
ADDED from src\main\AndroidManifest.xml:58:17-69
	android:name
		ADDED from src\main\AndroidManifest.xml:58:25-66
action#android.intent.action.SENDTO
ADDED from src\main\AndroidManifest.xml:59:17-71
	android:name
		ADDED from src\main\AndroidManifest.xml:59:25-68
category#android.intent.category.DEFAULT
ADDED from src\main\AndroidManifest.xml:60:17-76
	android:name
		ADDED from src\main\AndroidManifest.xml:60:27-73
category#android.intent.category.BROWSABLE
ADDED from src\main\AndroidManifest.xml:61:17-78
	android:name
		ADDED from src\main\AndroidManifest.xml:61:27-75
service#com.poi.broadcastreceiver.HeadlessSmsSendService
ADDED from src\main\AndroidManifest.xml:73:9-84:19
	android:exported
		ADDED from src\main\AndroidManifest.xml:75:13-36
	android:permission
		ADDED from src\main\AndroidManifest.xml:74:13-77
	android:name
		ADDED from src\main\AndroidManifest.xml:73:18-56
intent-filter#android.intent.action.RESPOND_VIA_MESSAGE+android.intent.category.DEFAULT
ADDED from src\main\AndroidManifest.xml:76:13-83:29
action#android.intent.action.RESPOND_VIA_MESSAGE
ADDED from src\main\AndroidManifest.xml:77:17-84
	android:name
		ADDED from src\main\AndroidManifest.xml:77:25-81
service#com.poi.broadcastreceiver.service_http
ADDED from src\main\AndroidManifest.xml:85:9-57
	android:name
		ADDED from src\main\AndroidManifest.xml:85:18-46